[2012-04-18 15-35-25] Fatal error: Call to undefined function AdminModule\__() in /Applications/MAMP/webs/ciara/app/AdminModule/presenters/SignPresenter.php:56  @  http://localhost/ciara/www/admin/cs/sign/out  @@  exception-2012-04-18-15-35-25-a6b0ce7675afebd91aba1ce313d5b717.html
[2013-06-13 07-32-33] Fatal error: Trying to get property of non-object in /Applications/MAMP/webs/cepos/web/app/AdminModule/presenters/AssetPresenter.php:38  @  http://cepos.lc/admin/cs/asset/edit/9?do=editForm-submit  @@  exception-2013-06-13-07-32-33-20f4b14e5f0747ea962d055891b2b698.html
[2013-06-13 07-33-16] Fatal error: Trying to get property of non-object in /Applications/MAMP/webs/cepos/web/app/AdminModule/presenters/AssetPresenter.php:35  @  http://cepos.lc/admin/cs/asset/edit/10?do=editForm-submit  @@  exception-2013-06-13-07-33-16-7a05d12f53fd06f4c64347ab244c9b37.html
[2013-06-13 07-33-21] Fatal error: Trying to get property of non-object in /Applications/MAMP/webs/cepos/web/app/AdminModule/presenters/AssetPresenter.php:35  @  http://cepos.lc/admin/cs/asset/edit/10?do=editForm-submit  @@  exception-2013-06-13-07-33-16-7a05d12f53fd06f4c64347ab244c9b37.html
[2013-06-13 07-33-22] Fatal error: Trying to get property of non-object in /Applications/MAMP/webs/cepos/web/app/AdminModule/presenters/AssetPresenter.php:35  @  http://cepos.lc/admin/cs/asset/edit/10?do=editForm-submit  @@  exception-2013-06-13-07-33-16-7a05d12f53fd06f4c64347ab244c9b37.html
[2013-06-13 07-33-26] Fatal error: Trying to get property of non-object in /Applications/MAMP/webs/cepos/web/app/AdminModule/presenters/AssetPresenter.php:35  @  http://cepos.lc/admin/cs/asset/edit/10?do=editForm-submit  @@  exception-2013-06-13-07-33-16-7a05d12f53fd06f4c64347ab244c9b37.html
[2013-06-13 07-33-27] Fatal error: Trying to get property of non-object in /Applications/MAMP/webs/cepos/web/app/AdminModule/presenters/AssetPresenter.php:35  @  http://cepos.lc/admin/cs/asset/edit/10?do=editForm-submit  @@  exception-2013-06-13-07-33-16-7a05d12f53fd06f4c64347ab244c9b37.html
[2013-06-13 07-33-27] Fatal error: Trying to get property of non-object in /Applications/MAMP/webs/cepos/web/app/AdminModule/presenters/AssetPresenter.php:35  @  http://cepos.lc/admin/cs/asset/edit/10?do=editForm-submit  @@  exception-2013-06-13-07-33-16-7a05d12f53fd06f4c64347ab244c9b37.html
[2013-06-13 07-33-27] Fatal error: Trying to get property of non-object in /Applications/MAMP/webs/cepos/web/app/AdminModule/presenters/AssetPresenter.php:35  @  http://cepos.lc/admin/cs/asset/edit/10?do=editForm-submit  @@  exception-2013-06-13-07-33-16-7a05d12f53fd06f4c64347ab244c9b37.html
[2013-06-13 07-33-28] Fatal error: Trying to get property of non-object in /Applications/MAMP/webs/cepos/web/app/AdminModule/presenters/AssetPresenter.php:35  @  http://cepos.lc/admin/cs/asset/edit/10?do=editForm-submit  @@  exception-2013-06-13-07-33-16-7a05d12f53fd06f4c64347ab244c9b37.html
[2013-06-13 07-33-41] Fatal error: Trying to get property of non-object in /Applications/MAMP/webs/cepos/web/app/AdminModule/presenters/AssetPresenter.php:35  @  http://cepos.lc/admin/cs/asset/edit/6?do=editForm-submit  @@  exception-2013-06-13-07-33-16-7a05d12f53fd06f4c64347ab244c9b37.html
[2013-06-13 07-33-42] Fatal error: Trying to get property of non-object in /Applications/MAMP/webs/cepos/web/app/AdminModule/presenters/AssetPresenter.php:35  @  http://cepos.lc/admin/cs/asset/edit/6?do=editForm-submit  @@  exception-2013-06-13-07-33-16-7a05d12f53fd06f4c64347ab244c9b37.html
[2013-06-13 08-00-09] Fatal error: Trying to get property of non-object in /Applications/MAMP/webs/cepos/web/app/AdminModule/presenters/AssetPresenter.php:34  @  http://cepos.lc/admin/cs/asset/edit/1?do=editForm-submit  @@  exception-2013-06-13-08-00-09-33a6ed50e8c70c198c4e85ebfe0649c2.html
[2013-06-13 08-00-09] Fatal error: Trying to get property of non-object in /Applications/MAMP/webs/cepos/web/app/AdminModule/presenters/AssetPresenter.php:34  @  http://cepos.lc/admin/cs/asset/edit/1?do=editForm-submit  @@  exception-2013-06-13-08-00-09-33a6ed50e8c70c198c4e85ebfe0649c2.html
[2013-06-13 08-00-14] Fatal error: Trying to get property of non-object in /Applications/MAMP/webs/cepos/web/app/AdminModule/presenters/AssetPresenter.php:34  @  http://cepos.lc/admin/cs/asset/edit/1?do=editForm-submit  @@  exception-2013-06-13-08-00-09-33a6ed50e8c70c198c4e85ebfe0649c2.html
[2013-06-13 08-00-15] Fatal error: Trying to get property of non-object in /Applications/MAMP/webs/cepos/web/app/AdminModule/presenters/AssetPresenter.php:34  @  http://cepos.lc/admin/cs/asset/edit/1?do=editForm-submit  @@  exception-2013-06-13-08-00-09-33a6ed50e8c70c198c4e85ebfe0649c2.html
[2013-06-13 08-00-16] Fatal error: Trying to get property of non-object in /Applications/MAMP/webs/cepos/web/app/AdminModule/presenters/AssetPresenter.php:34  @  http://cepos.lc/admin/cs/asset/edit/1?do=editForm-submit  @@  exception-2013-06-13-08-00-09-33a6ed50e8c70c198c4e85ebfe0649c2.html
[2013-06-13 08-00-16] Fatal error: Trying to get property of non-object in /Applications/MAMP/webs/cepos/web/app/AdminModule/presenters/AssetPresenter.php:34  @  http://cepos.lc/admin/cs/asset/edit/1?do=editForm-submit  @@  exception-2013-06-13-08-00-09-33a6ed50e8c70c198c4e85ebfe0649c2.html
[2013-06-13 08-00-16] Fatal error: Trying to get property of non-object in /Applications/MAMP/webs/cepos/web/app/AdminModule/presenters/AssetPresenter.php:34  @  http://cepos.lc/admin/cs/asset/edit/1?do=editForm-submit  @@  exception-2013-06-13-08-00-09-33a6ed50e8c70c198c4e85ebfe0649c2.html
[2013-06-13 08-00-16] Fatal error: Trying to get property of non-object in /Applications/MAMP/webs/cepos/web/app/AdminModule/presenters/AssetPresenter.php:34  @  http://cepos.lc/admin/cs/asset/edit/1?do=editForm-submit  @@  exception-2013-06-13-08-00-09-33a6ed50e8c70c198c4e85ebfe0649c2.html
[2013-06-13 08-00-17] Fatal error: Trying to get property of non-object in /Applications/MAMP/webs/cepos/web/app/AdminModule/presenters/AssetPresenter.php:34  @  http://cepos.lc/admin/cs/asset/edit/1?do=editForm-submit  @@  exception-2013-06-13-08-00-09-33a6ed50e8c70c198c4e85ebfe0649c2.html
[2013-06-13 08-00-17] Fatal error: Trying to get property of non-object in /Applications/MAMP/webs/cepos/web/app/AdminModule/presenters/AssetPresenter.php:34  @  http://cepos.lc/admin/cs/asset/edit/1?do=editForm-submit  @@  exception-2013-06-13-08-00-09-33a6ed50e8c70c198c4e85ebfe0649c2.html
[2013-06-13 08-00-17] Fatal error: Trying to get property of non-object in /Applications/MAMP/webs/cepos/web/app/AdminModule/presenters/AssetPresenter.php:34  @  http://cepos.lc/admin/cs/asset/edit/1?do=editForm-submit  @@  exception-2013-06-13-08-00-09-33a6ed50e8c70c198c4e85ebfe0649c2.html
[2013-06-13 08-07-21] Fatal error: Undefined property: Nette\ArrayHash::$id in /Applications/MAMP/webs/cepos/web/app/AdminModule/presenters/AssetPresenter.php:61  @  http://cepos.lc/admin/cs/asset/edit/5?type=article&content=%3Cp%3E%0D%0A%09++das%0D%0A%3C%2Fp%3E&do=editForm-submit  @@  exception-2013-06-13-08-07-21-079ab1e3c0e2074cf2fee565207f6767.html
[2013-06-13 08-07-24] Fatal error: Undefined property: Nette\ArrayHash::$id in /Applications/MAMP/webs/cepos/web/app/AdminModule/presenters/AssetPresenter.php:61  @  http://cepos.lc/admin/cs/asset/edit/4?type=article&do=editForm-submit  @@  exception-2013-06-13-08-07-21-079ab1e3c0e2074cf2fee565207f6767.html
[2013-06-13 08-07-24] Fatal error: Undefined property: Nette\ArrayHash::$id in /Applications/MAMP/webs/cepos/web/app/AdminModule/presenters/AssetPresenter.php:61  @  http://cepos.lc/admin/cs/asset/edit/4?type=article&do=editForm-submit  @@  exception-2013-06-13-08-07-21-079ab1e3c0e2074cf2fee565207f6767.html
[2013-06-13 08-09-24] Fatal error: Trying to get property of non-object in /Applications/MAMP/webs/cepos/web/app/AdminModule/presenters/AssetPresenter.php:35  @  http://cepos.lc/admin/cs/asset/edit/9?do=editForm-submit  @@  exception-2013-06-13-07-33-16-7a05d12f53fd06f4c64347ab244c9b37.html
[2013-06-13 08-09-26] Fatal error: Trying to get property of non-object in /Applications/MAMP/webs/cepos/web/app/AdminModule/presenters/AssetPresenter.php:35  @  http://cepos.lc/admin/cs/asset/edit/4?do=editForm-submit  @@  exception-2013-06-13-07-33-16-7a05d12f53fd06f4c64347ab244c9b37.html
[2013-06-13 08-09-27] Fatal error: Trying to get property of non-object in /Applications/MAMP/webs/cepos/web/app/AdminModule/presenters/AssetPresenter.php:35  @  http://cepos.lc/admin/cs/asset/edit/4?do=editForm-submit  @@  exception-2013-06-13-07-33-16-7a05d12f53fd06f4c64347ab244c9b37.html
[2013-06-13 08-09-27] Fatal error: Trying to get property of non-object in /Applications/MAMP/webs/cepos/web/app/AdminModule/presenters/AssetPresenter.php:35  @  http://cepos.lc/admin/cs/asset/edit/4?do=editForm-submit  @@  exception-2013-06-13-07-33-16-7a05d12f53fd06f4c64347ab244c9b37.html
[2013-06-13 08-09-27] Fatal error: Trying to get property of non-object in /Applications/MAMP/webs/cepos/web/app/AdminModule/presenters/AssetPresenter.php:35  @  http://cepos.lc/admin/cs/asset/edit/4?do=editForm-submit  @@  exception-2013-06-13-07-33-16-7a05d12f53fd06f4c64347ab244c9b37.html
[2013-06-17 18-37-34] Fatal error: Call to undefined function FrontModule\Nette\Application\Responses\JsonResponse() in /Applications/MAMP/webs/cepos/web/app/FrontModule/presenters/HomepagePresenter.php:68  @  http://cepos.lc/cs?id=50&do=map  @@  exception-2013-06-17-18-37-34-0a83ddeef0bdd22a73916105311a5e59.html
[2013-06-17 18-37-40] Fatal error: Call to undefined function FrontModule\Nette\Application\Responses\JsonResponse() in /Applications/MAMP/webs/cepos/web/app/FrontModule/presenters/HomepagePresenter.php:68  @  http://cepos.lc/cs?id=50&do=map  @@  exception-2013-06-17-18-37-34-0a83ddeef0bdd22a73916105311a5e59.html
[2013-06-17 18-38-59] Fatal error: Call to undefined function FrontModule\Nette\Application\Responses\JsonResponse() in /Applications/MAMP/webs/cepos/web/app/FrontModule/presenters/HomepagePresenter.php:68  @  http://cepos.lc/cs?id=50&do=map  @@  exception-2013-06-17-18-37-34-0a83ddeef0bdd22a73916105311a5e59.html
[2013-06-17 18-39-29] Fatal error: Call to undefined function FrontModule\Nette\Application\Responses\JsonResponse() in /Applications/MAMP/webs/cepos/web/app/FrontModule/presenters/HomepagePresenter.php:68  @  http://cepos.lc/cs?param=50&do=map  @@  exception-2013-06-17-18-37-34-0a83ddeef0bdd22a73916105311a5e59.html
[2013-06-21 17-41-45] Fatal error: Trying to get property of non-object in /Applications/MAMP/webs/cepos/web/temp/cache/_Nette.FileTemplate/_Homepage.mapXml.latte-f6924a2d7da20877fe73e7c886938ed9.php:24  @  http://cepos.lc/map.xml  @@  exception-2013-06-21-17-41-45-43c649276a4e513cdce930cd65cca0d5.html
[2013-06-21 19-11-58] Nette\MemberAccessException: Cannot read an undeclared column "typ". in /Applications/MAMP/webs/cepos/web/libs/Nette/Database/Table/ActiveRow.php:303  @  http://cepos.lc/cs?param=1005&do=map  @@  exception-2013-06-21-19-11-58-a29a627151e1d4f132cf3f53e9a0f534.html
